2026-06-15 22:46:35,972 INFO o.a.j.u.JMeterUtils: Setting Locale to en_EN
2026-06-15 22:46:36,005 INFO o.a.j.JMeter: Loading user properties from: C:\AutomationTraining\playwright-tdd-framwork\tests\load\jmeter\bin\user.properties
2026-06-15 22:46:36,006 INFO o.a.j.JMeter: Loading system properties from: C:\AutomationTraining\playwright-tdd-framwork\tests\load\jmeter\bin\system.properties
2026-06-15 22:46:36,018 INFO o.a.j.JMeter: Copyright (c) 1998-2024 The Apache Software Foundation
2026-06-15 22:46:36,020 INFO o.a.j.JMeter: Version 5.6.3
2026-06-15 22:46:36,020 INFO o.a.j.JMeter: java.version=26.0.1
2026-06-15 22:46:36,020 INFO o.a.j.JMeter: java.vm.name=Java HotSpot(TM) 64-Bit Server VM
2026-06-15 22:46:36,020 INFO o.a.j.JMeter: os.name=Windows 11
2026-06-15 22:46:36,020 INFO o.a.j.JMeter: os.arch=amd64
2026-06-15 22:46:36,020 INFO o.a.j.JMeter: os.version=10.0
2026-06-15 22:46:36,021 INFO o.a.j.JMeter: file.encoding=UTF-8
2026-06-15 22:46:36,021 INFO o.a.j.JMeter: java.awt.headless=true
2026-06-15 22:46:36,021 INFO o.a.j.JMeter: Max memory     =1073741824
2026-06-15 22:46:36,021 INFO o.a.j.JMeter: Available Processors =8
2026-06-15 22:46:36,056 INFO o.a.j.JMeter: Default Locale=English (EN)
2026-06-15 22:46:36,057 INFO o.a.j.JMeter: JMeter  Locale=English (EN)
2026-06-15 22:46:36,057 INFO o.a.j.JMeter: JMeterHome=C:\AutomationTraining\playwright-tdd-framwork\tests\load\jmeter
2026-06-15 22:46:36,057 INFO o.a.j.JMeter: user.dir  =C:\AutomationTraining\playwright-tdd-framwork
2026-06-15 22:46:36,057 INFO o.a.j.JMeter: PWD       =C:\AutomationTraining\playwright-tdd-framwork
2026-06-15 22:46:36,067 INFO o.a.j.JMeter: IP: 192.168.29.49 Name: DESKTOP-F3F1RHM FullName: DESKTOP-F3F1RHM
2026-06-15 22:46:36,089 INFO o.a.j.s.FileServer: Default base='C:\AutomationTraining\playwright-tdd-framwork'
2026-06-15 22:46:36,090 INFO o.a.j.s.FileServer: Set new base='C:\AutomationTraining\playwright-tdd-framwork\tests\load\jmeter\testplans'
2026-06-15 22:46:36,607 INFO o.a.j.s.SaveService: Testplan (JMX) version: 2.2. Testlog (JTL) version: 2.2
2026-06-15 22:46:36,647 INFO o.a.j.s.SaveService: Using SaveService properties version 5.0
2026-06-15 22:46:36,653 INFO o.a.j.s.SaveService: Using SaveService properties file encoding UTF-8
2026-06-15 22:46:36,658 INFO o.a.j.s.SaveService: Loading file: C:\AutomationTraining\playwright-tdd-framwork\tests\load\jmeter\testplans\LoadTest.jmx
2026-06-15 22:46:36,745 INFO o.a.j.p.h.s.HTTPSamplerBase: Parser for text/html is org.apache.jmeter.protocol.http.parser.LagartoBasedHtmlParser
2026-06-15 22:46:36,746 INFO o.a.j.p.h.s.HTTPSamplerBase: Parser for application/xhtml+xml is org.apache.jmeter.protocol.http.parser.LagartoBasedHtmlParser
2026-06-15 22:46:36,746 INFO o.a.j.p.h.s.HTTPSamplerBase: Parser for application/xml is org.apache.jmeter.protocol.http.parser.LagartoBasedHtmlParser
2026-06-15 22:46:36,746 INFO o.a.j.p.h.s.HTTPSamplerBase: Parser for text/xml is org.apache.jmeter.protocol.http.parser.LagartoBasedHtmlParser
2026-06-15 22:46:36,746 INFO o.a.j.p.h.s.HTTPSamplerBase: Parser for text/vnd.wap.wml is org.apache.jmeter.protocol.http.parser.RegexpHTMLParser
2026-06-15 22:46:36,746 INFO o.a.j.p.h.s.HTTPSamplerBase: Parser for text/css is org.apache.jmeter.protocol.http.parser.CssParser
2026-06-15 22:46:36,849 INFO o.a.j.JMeter: Creating summariser <summary>
2026-06-15 22:46:36,854 ERROR o.a.j.JMeter: Error in NonGUIDriver
java.lang.IllegalStateException: Could not find the TestPlan class!
	at org.apache.jmeter.engine.StandardJMeterEngine.configure(StandardJMeterEngine.java:192) ~[ApacheJMeter_core.jar:5.6.3]
	at org.apache.jmeter.JMeter.runNonGui(JMeter.java:1021) [ApacheJMeter_core.jar:5.6.3]
	at org.apache.jmeter.JMeter.startNonGui(JMeter.java:940) [ApacheJMeter_core.jar:5.6.3]
	at org.apache.jmeter.JMeter.start(JMeter.java:508) [ApacheJMeter_core.jar:5.6.3]
	at java.base/jdk.internal.reflect.DirectMethodHandleAccessor.invoke(DirectMethodHandleAccessor.java:104) ~[?:?]
	at java.base/java.lang.reflect.Method.invoke(Method.java:565) ~[?:?]
	at org.apache.jmeter.NewDriver.main(NewDriver.java:259) [ApacheJMeter.jar:5.6.3]
2026-06-15 22:46:36,860 ERROR o.a.j.JMeter: An error occurred: 
org.apache.jmeter.report.config.ConfigurationException: Error in NonGUIDriver Could not find the TestPlan class!
	at org.apache.jmeter.JMeter.runNonGui(JMeter.java:1049) ~[ApacheJMeter_core.jar:5.6.3]
	at org.apache.jmeter.JMeter.startNonGui(JMeter.java:940) ~[ApacheJMeter_core.jar:5.6.3]
	at org.apache.jmeter.JMeter.start(JMeter.java:508) [ApacheJMeter_core.jar:5.6.3]
	at java.base/jdk.internal.reflect.DirectMethodHandleAccessor.invoke(DirectMethodHandleAccessor.java:104) ~[?:?]
	at java.base/java.lang.reflect.Method.invoke(Method.java:565) ~[?:?]
	at org.apache.jmeter.NewDriver.main(NewDriver.java:259) [ApacheJMeter.jar:5.6.3]
Caused by: java.lang.IllegalStateException: Could not find the TestPlan class!
	at org.apache.jmeter.engine.StandardJMeterEngine.configure(StandardJMeterEngine.java:192) ~[ApacheJMeter_core.jar:5.6.3]
	at org.apache.jmeter.JMeter.runNonGui(JMeter.java:1021) ~[ApacheJMeter_core.jar:5.6.3]
	... 5 more
